<?xml version="1.0" encoding="UTF-8"?>
<!-- Generated by org.testng.reporters.JUnitReportReporter -->
<testsuite skipped="0" hostname="DESKTOP-DILVROR" name="Demo.Selenium.OpenHomePage" tests="1" failures="0" timestamp="2020-07-01T17:46:30 IST" time="4.932" errors="0">
  <testcase name="nevigateToHome" time="4.932" classname="Demo.Selenium.OpenHomePage"/>
  <system-out/>
</testsuite> <!-- Demo.Selenium.OpenHomePage -->
