<?xml version="1.0" encoding="UTF-8"?>
<!-- Generated by org.testng.reporters.JUnitReportReporter -->
<testsuite skipped="0" hostname="DESKTOP-DILVROR" name="Demo.Selenium.AddProductToCart" tests="1" failures="0" timestamp="2020-07-01T18:26:04 IST" time="16.835" errors="0">
  <testcase name="nevigateToHome" time="16.835" classname="Demo.Selenium.AddProductToCart"/>
  <system-out/>
</testsuite> <!-- Demo.Selenium.AddProductToCart -->
