<?xml version="1.0" encoding="UTF-8"?>
<!-- Generated by org.testng.reporters.JUnitReportReporter -->
<testsuite skipped="0" hostname="DESKTOP-DILVROR" name="Demo.Selenium.VerifyAmount" tests="1" failures="0" timestamp="2020-06-30T16:30:13 IST" time="26.964" errors="0">
  <testcase name="nevigateToHome" time="26.964" classname="Demo.Selenium.VerifyAmount"/>
  <system-out/>
</testsuite> <!-- Demo.Selenium.VerifyAmount -->
